<?xml version="1.0" encoding="UTF-8"?>
<!-- Generated by org.testng.reporters.JUnitReportReporter -->
<testsuite hostname="Neenus-Air.alphionsee.in" failures="0" tests="1" name="AdminApp.LogoutAdmin" time="35.234" errors="0" timestamp="2023-09-19T16:32:22 IST" skipped="0">
  <testcase classname="AdminApp.LogoutAdmin" name="logOut" time="35.234"/>
</testsuite> <!-- AdminApp.LogoutAdmin -->
