<?xml version="1.0" encoding="UTF-8"?>
<!-- Generated by org.testng.reporters.JUnitReportReporter -->
<testsuite hostname="Neenus-Air.alphionsee.in" failures="0" tests="1" name="UserApp.RegistrationUser" time="17.999" errors="0" timestamp="2023-09-19T16:17:01 IST" skipped="0">
  <testcase classname="UserApp.RegistrationUser" name="testcase1" time="17.999"/>
</testsuite> <!-- UserApp.RegistrationUser -->
