<?xml version="1.0" encoding="UTF-8"?>
<!-- Generated by org.testng.reporters.JUnitReportReporter -->
<testsuite hostname="Neenus-Air.alphionsee.in" failures="0" tests="1" name="Maven_testng.Maven_testng.TestLogoutUR" time="40.691" errors="0" timestamp="2023-09-19T16:10:32 IST" skipped="0">
  <testcase classname="Maven_testng.Maven_testng.TestLogoutUR" name="testcase1" time="40.691"/>
</testsuite> <!-- Maven_testng.Maven_testng.TestLogoutUR -->
