<?xml version="1.0" encoding="UTF-8"?>
<!-- Generated by org.testng.reporters.JUnitReportReporter -->
<testsuite hostname="Neenus-Air.alphionsee.in" failures="0" tests="3" name="AdminApp.UserAccountPageAdmin" time="114.580" errors="0" timestamp="2023-09-21T15:32:12 IST" skipped="0">
  <testcase classname="AdminApp.UserAccountPageAdmin" name="userAccount" time="44.052"/>
  <testcase classname="AdminApp.UserAccountPageAdmin" name="activationShowUser" time="40.927"/>
  <testcase classname="AdminApp.UserAccountPageAdmin" name="Usersearch" time="29.601"/>
</testsuite> <!-- AdminApp.UserAccountPageAdmin -->
