<?xml version="1.0" encoding="UTF-8"?>
<!-- Generated by org.testng.reporters.JUnitReportReporter -->
<testsuite hostname="Neenus-Air.alphionsee.in" failures="0" tests="5" name="AdminApp.LoginAdmin" time="79.900" errors="0" timestamp="2023-09-21T16:30:10 IST" skipped="0">
  <testcase classname="AdminApp.LoginAdmin" name="testcase1" time="17.006"/>
  <testcase classname="AdminApp.LoginAdmin" name="testcase2" time="13.697"/>
  <testcase classname="AdminApp.LoginAdmin" name="testcase3" time="17.210"/>
  <testcase classname="AdminApp.LoginAdmin" name="testcase4" time="16.809"/>
  <testcase classname="AdminApp.LoginAdmin" name="testcase5" time="15.178"/>
</testsuite> <!-- AdminApp.LoginAdmin -->
