<?xml version="1.0" encoding="UTF-8"?>
<!-- Generated by org.testng.reporters.JUnitReportReporter -->
<testsuite hostname="Neenus-Air.alphionsee.in" failures="0" tests="4" name="Maven_testng.Maven_testng.TestLoginUR" time="74.363" errors="0" timestamp="2023-09-18T11:12:01 IST" skipped="0">
  <testcase classname="Maven_testng.Maven_testng.TestLoginUR" name="testcase1" time="17.241"/>
  <testcase classname="Maven_testng.Maven_testng.TestLoginUR" name="testcase2" time="18.518"/>
  <testcase classname="Maven_testng.Maven_testng.TestLoginUR" name="testcase3" time="17.093"/>
  <testcase classname="Maven_testng.Maven_testng.TestLoginUR" name="testcase4" time="21.511"/>
</testsuite> <!-- Maven_testng.Maven_testng.TestLoginUR -->
