<?xml version="1.0" encoding="UTF-8"?>
<!-- Generated by org.testng.reporters.JUnitReportReporter -->
<testsuite hostname="Neenus-Air.alphionsee.in" failures="0" tests="5" name="UserApp.TestLoginUR" time="106.079" errors="0" timestamp="2023-09-21T16:55:47 IST" skipped="0">
  <testcase classname="UserApp.TestLoginUR" name="testcase1" time="28.544"/>
  <testcase classname="UserApp.TestLoginUR" name="testcase2" time="18.938"/>
  <testcase classname="UserApp.TestLoginUR" name="testcase3" time="19.558"/>
  <testcase classname="UserApp.TestLoginUR" name="testcase4" time="19.845"/>
  <testcase classname="UserApp.TestLoginUR" name="testcase5" time="19.194"/>
</testsuite> <!-- UserApp.TestLoginUR -->
