<?xml version="1.0" encoding="UTF-8"?>
<!-- Generated by org.testng.reporters.JUnitReportReporter -->
<testsuite hostname="Neenus-Air.alphionsee.in" failures="0" tests="1" name="UserApp.PasswordResetUser" time="16.650" errors="0" timestamp="2023-09-19T16:16:19 IST" skipped="0">
  <testcase classname="UserApp.PasswordResetUser" name="testcase1" time="16.650"/>
</testsuite> <!-- UserApp.PasswordResetUser -->
