<?xml version="1.0" encoding="UTF-8"?>
<!-- Generated by org.testng.reporters.JUnitReportReporter -->
<testsuite hostname="Neenus-Air.alphionsee.in" failures="0" tests="3" name="AdminApp.RedirectionAdmin" time="137.691" errors="0" timestamp="2023-09-21T15:11:03 IST" skipped="0">
  <testcase classname="AdminApp.RedirectionAdmin" name="redirectionsadmin" time="62.875"/>
  <testcase classname="AdminApp.RedirectionAdmin" name="profileiconredirections" time="36.920"/>
  <testcase classname="AdminApp.RedirectionAdmin" name="profileIconsettingsredirections" time="37.896"/>
</testsuite> <!-- AdminApp.RedirectionAdmin -->
