<?xml version="1.0" encoding="UTF-8"?>
<!-- Generated by org.testng.reporters.JUnitReportReporter -->
<testsuite hostname="Neenus-Air.alphionsee.in" failures="0" tests="4" name="Maven_testng.Maven_testng.TestClass" time="71.508" errors="0" timestamp="2023-09-12T15:32:59 IST" skipped="0">
  <testcase classname="Maven_testng.Maven_testng.TestClass" name="testcase1" time="21.682"/>
  <testcase classname="Maven_testng.Maven_testng.TestClass" name="testcase2" time="18.660"/>
  <testcase classname="Maven_testng.Maven_testng.TestClass" name="testcase3" time="15.851"/>
  <testcase classname="Maven_testng.Maven_testng.TestClass" name="testcase4" time="15.315"/>
</testsuite> <!-- Maven_testng.Maven_testng.TestClass -->
